connected
connected
connected
connected
connected
connected
connected
connected
connected
connected
connected
connected
connected
connected
connected
connected
connected
connected
connected
undefined
[ 'SUPERVISOR',
  'SECRETO',
  'SUPERVISOR',
  'A',
  'SUPERVISOR',
  'NULL',
  '7080211',
  'NULL',
  'NULL',
  'NULL',
  'NULL',
  'NULL' ]
undefined
[ 'SUPERVISOR',
  'SECRETO',
  'SUPERVISOR',
  'A',
  'SUPERVISOR',
  'NULL',
  '7080211',
  'NULL',
  'NULL',
  'NULL',
  'NULL',
  'NULL' ]
connected
connected
connected
connected
connected
connected
connected
connected
connected
connected
connected
connected
connected
connected
connected
connected
connected
connected
connected
connected
connected
connected
connected
connected
connected
connected
connected
connected
connected
connected
connected
connected
connected
connected
connected
connected
connected
connected
connected
connected
connected
connected
connected
connected
connected
connected
connected
connected
connected
connected
connected
